<?xml version="1.0" encoding="UTF-8"?>
<!-- Generated by org.testng.reporters.JUnitReportReporter -->
<testsuite hostname="DESKTOP-HSAPT3H" failures="0" tests="3" name="tests.FormValidationTest" time="46.628" errors="0" timestamp="2026-04-29T19:38:15 IST" skipped="0">
  <testcase classname="tests.FormValidationTest" name="verifyLoginWithEmptyUsername" time="14.565"/>
  <testcase classname="tests.FormValidationTest" name="verifySignupFieldsRetainValues" time="14.485"/>
  <testcase classname="tests.FormValidationTest" name="verifySignupWithExistingUser" time="17.578"/>
</testsuite> <!-- tests.FormValidationTest -->
