<?xml version="1.0" encoding="UTF-8"?>
<!-- Generated by org.testng.reporters.JUnitReportReporter -->
<testsuite hostname="DESKTOP-HSAPT3H" failures="0" tests="3" name="tests.OrderTest" time="54.582" errors="0" timestamp="2026-04-29T19:38:15 IST" skipped="1">
  <testcase classname="tests.OrderTest" name="verifyOrderWithEmptyFields" time="21.789"/>
  <testcase classname="tests.OrderTest" name="verifyOrderWithEmptyFields" time="13.354">
    <skipped/>
  </testcase> <!-- verifyOrderWithEmptyFields -->
  <testcase classname="tests.OrderTest" name="verifySuccessfulOrderPlacement" time="19.439"/>
</testsuite> <!-- tests.OrderTest -->
