<?xml version="1.0" encoding="UTF-8"?>
<testng-results retried="1" ignored="1" total="12" passed="10" failed="0" skipped="0">
  <reporter-output>
  </reporter-output>
  <suite started-at="2026-04-29T19:34:09 IST" name="DemoBlaze Suite" finished-at="2026-04-29T19:38:14 IST" duration-ms="245082">
    <groups>
    </groups>
    <test started-at="2026-04-29T19:34:09 IST" name="Auth Tests" finished-at="2026-04-29T19:35:02 IST" duration-ms="52754">
      <class name="tests.AuthTest">
        <test-method is-config="true" signature="setUp()[pri:0, instance:tests.AuthTest@38145825]" started-at="2026-04-29T19:34:09 IST" name="setUp" finished-at="2026-04-29T19:34:28 IST" duration-ms="18523" status="PASS">
          <reporter-output>
          </reporter-output>
        </test-method> <!-- setUp -->
        <test-method signature="verifyLogin(java.lang.String,java.lang.String)[pri:0, instance:tests.AuthTest@38145825]" started-at="2026-04-29T19:34:28 IST" name="verifyLogin" data-provider="loginData" finished-at="2026-04-29T19:34:32 IST" duration-ms="4271" status="PASS">
          <params>
            <param index="0">
              <value>
                <![CDATA[Manasa]]>
              </value>
            </param>
            <param index="1">
              <value>
                <![CDATA[Password123]]>
              </value>
            </param>
          </params>
          <reporter-output>
          </reporter-output>
        </test-method> <!-- verifyLogin -->
        <test-method is-config="true" signature="tearDown()[pri:0, instance:tests.AuthTest@38145825]" started-at="2026-04-29T19:34:32 IST" name="tearDown" finished-at="2026-04-29T19:34:37 IST" duration-ms="5500" status="PASS">
          <reporter-output>
          </reporter-output>
        </test-method> <!-- tearDown -->
        <test-method is-config="true" signature="setUp()[pri:0, instance:tests.AuthTest@38145825]" started-at="2026-04-29T19:34:37 IST" name="setUp" finished-at="2026-04-29T19:34:46 IST" duration-ms="8607" status="PASS">
          <reporter-output>
          </reporter-output>
        </test-method> <!-- setUp -->
        <test-method signature="verifyLogin(java.lang.String,java.lang.String)[pri:0, instance:tests.AuthTest@38145825]" started-at="2026-04-29T19:34:46 IST" name="verifyLogin" data-provider="loginData" finished-at="2026-04-29T19:34:52 IST" duration-ms="6478" status="PASS">
          <params>
            <param index="0">
              <value>
                <![CDATA[invalidUser]]>
              </value>
            </param>
            <param index="1">
              <value>
                <![CDATA[wrongPass]]>
              </value>
            </param>
          </params>
          <reporter-output>
          </reporter-output>
        </test-method> <!-- verifyLogin -->
        <test-method is-config="true" signature="tearDown()[pri:0, instance:tests.AuthTest@38145825]" started-at="2026-04-29T19:34:52 IST" name="tearDown" finished-at="2026-04-29T19:35:02 IST" duration-ms="9217" status="PASS">
          <reporter-output>
          </reporter-output>
        </test-method> <!-- tearDown -->
      </class> <!-- tests.AuthTest -->
    </test> <!-- Auth Tests -->
    <test started-at="2026-04-29T19:35:03 IST" name="Product Tests" finished-at="2026-04-29T19:35:40 IST" duration-ms="36659">
      <class name="tests.ProductTest">
        <test-method is-config="true" signature="setUp()[pri:0, instance:tests.ProductTest@4c2bb6e0]" started-at="2026-04-29T19:35:03 IST" name="setUp" finished-at="2026-04-29T19:35:32 IST" duration-ms="28435" status="PASS">
          <reporter-output>
          </reporter-output>
        </test-method> <!-- setUp -->
        <test-method signature="verifyProductSelection()[pri:0, instance:tests.ProductTest@4c2bb6e0]" started-at="2026-04-29T19:35:32 IST" name="verifyProductSelection" finished-at="2026-04-29T19:35:34 IST" duration-ms="2694" status="PASS">
          <reporter-output>
          </reporter-output>
        </test-method> <!-- verifyProductSelection -->
        <test-method is-config="true" signature="tearDown()[pri:0, instance:tests.ProductTest@4c2bb6e0]" started-at="2026-04-29T19:35:34 IST" name="tearDown" finished-at="2026-04-29T19:35:40 IST" duration-ms="5521" status="PASS">
          <reporter-output>
          </reporter-output>
        </test-method> <!-- tearDown -->
      </class> <!-- tests.ProductTest -->
    </test> <!-- Product Tests -->
    <test started-at="2026-04-29T19:35:40 IST" name="Cart Tests" finished-at="2026-04-29T19:36:33 IST" duration-ms="52179">
      <class name="tests.CartTest">
        <test-method is-config="true" signature="setUp()[pri:0, instance:tests.CartTest@4bff7da0]" started-at="2026-04-29T19:35:40 IST" name="setUp" finished-at="2026-04-29T19:35:50 IST" duration-ms="9242" status="PASS">
          <reporter-output>
          </reporter-output>
        </test-method> <!-- setUp -->
        <test-method signature="verifyAddProductToCart()[pri:0, instance:tests.CartTest@4bff7da0]" started-at="2026-04-29T19:35:50 IST" name="verifyAddProductToCart" finished-at="2026-04-29T19:35:56 IST" duration-ms="6005" status="PASS">
          <reporter-output>
          </reporter-output>
        </test-method> <!-- verifyAddProductToCart -->
        <test-method is-config="true" signature="tearDown()[pri:0, instance:tests.CartTest@4bff7da0]" started-at="2026-04-29T19:35:56 IST" name="tearDown" finished-at="2026-04-29T19:35:56 IST" duration-ms="639" status="PASS">
          <reporter-output>
          </reporter-output>
        </test-method> <!-- tearDown -->
        <test-method is-config="true" signature="setUp()[pri:0, instance:tests.CartTest@4bff7da0]" started-at="2026-04-29T19:35:56 IST" name="setUp" finished-at="2026-04-29T19:36:03 IST" duration-ms="6612" status="PASS">
          <reporter-output>
          </reporter-output>
        </test-method> <!-- setUp -->
        <test-method signature="verifyDeleteProductFromCart()[pri:0, instance:tests.CartTest@4bff7da0]" started-at="2026-04-29T19:36:03 IST" name="verifyDeleteProductFromCart" finished-at="2026-04-29T19:36:31 IST" duration-ms="28270" status="PASS">
          <reporter-output>
          </reporter-output>
        </test-method> <!-- verifyDeleteProductFromCart -->
        <test-method is-config="true" signature="tearDown()[pri:0, instance:tests.CartTest@4bff7da0]" started-at="2026-04-29T19:36:31 IST" name="tearDown" finished-at="2026-04-29T19:36:33 IST" duration-ms="1373" status="PASS">
          <reporter-output>
          </reporter-output>
        </test-method> <!-- tearDown -->
      </class> <!-- tests.CartTest -->
    </test> <!-- Cart Tests -->
    <test started-at="2026-04-29T19:36:33 IST" name="Order Tests" finished-at="2026-04-29T19:37:27 IST" duration-ms="54616">
      <class name="tests.OrderTest">
        <test-method is-config="true" signature="setUp()[pri:0, instance:tests.OrderTest@13df2a8c]" started-at="2026-04-29T19:36:33 IST" name="setUp" finished-at="2026-04-29T19:36:42 IST" duration-ms="9421" status="PASS">
          <reporter-output>
          </reporter-output>
        </test-method> <!-- setUp -->
        <test-method retried="true" signature="verifyOrderWithEmptyFields()[pri:0, instance:tests.OrderTest@13df2a8c]" started-at="2026-04-29T19:36:42 IST" name="verifyOrderWithEmptyFields" finished-at="2026-04-29T19:36:45 IST" duration-ms="3296" status="SKIP">
          <exception class="org.openqa.selenium.StaleElementReferenceException">
            <message>
              <![CDATA[stale element reference: stale element not found in the current frame
  (Session info: chrome=147.0.7727.137)
For documentation on this error, please visit: https://www.selenium.dev/documentation/webdriver/troubleshooting/errors#staleelementreferenceexception
Build info: version: '4.39.0', revision: '126f156aee'
System info: os.name: 'Windows 11', os.arch: 'amd64', os.version: '10.0', java.version: '17.0.12'
Driver info: org.openqa.selenium.chrome.ChromeDriver
Command: [cc9340ebdd7f0aa1633a0c51979f039c, clickElement {id=f.9FD1D7138A71ADD453E8701D0BFFF95F.d.EFAAF4797A3FBBFD10B082BB9F2D1410.e.72}]
Capabilities {acceptInsecureCerts: false, browserName: chrome, browserVersion: 147.0.7727.137, chrome: {chromedriverVersion: 147.0.7727.117 (474cc805edd..., userDataDir: C:\Users\manas\AppData\Loca...}, fedcm:accounts: true, goog:chromeOptions: {debuggerAddress: localhost:53282}, goog:processID: 8692, networkConnectionEnabled: false, pageLoadStrategy: normal, platformName: windows, proxy: Proxy(), se:cdp: ws://localhost:53282/devtoo..., se:cdpVersion: 147.0.7727.137, setWindowRect: true, strictFileInteractability: false, timeouts: {implicit: 0, pageLoad: 300000, script: 30000}, unhandledPromptBehavior: dismiss and notify, webauthn:extension:credBlob: true, webauthn:extension:largeBlob: true, webauthn:extension:minPinLength: true, webauthn:extension:prf: true, webauthn:virtualAuthenticators: true}
Element: [[ChromeDriver: chrome on windows (cc9340ebdd7f0aa1633a0c51979f039c)] -> xpath: (//a[@class='hrefch'])[1]]
Session ID: cc9340ebdd7f0aa1633a0c51979f039c]]>
            </message>
            <full-stacktrace>
              <![CDATA[org.openqa.selenium.StaleElementReferenceException: stale element reference: stale element not found in the current frame
  (Session info: chrome=147.0.7727.137)
For documentation on this error, please visit: https://www.selenium.dev/documentation/webdriver/troubleshooting/errors#staleelementreferenceexception
Build info: version: '4.39.0', revision: '126f156aee'
System info: os.name: 'Windows 11', os.arch: 'amd64', os.version: '10.0', java.version: '17.0.12'
Driver info: org.openqa.selenium.chrome.ChromeDriver
Command: [cc9340ebdd7f0aa1633a0c51979f039c, clickElement {id=f.9FD1D7138A71ADD453E8701D0BFFF95F.d.EFAAF4797A3FBBFD10B082BB9F2D1410.e.72}]
Capabilities {acceptInsecureCerts: false, browserName: chrome, browserVersion: 147.0.7727.137, chrome: {chromedriverVersion: 147.0.7727.117 (474cc805edd..., userDataDir: C:\Users\manas\AppData\Loca...}, fedcm:accounts: true, goog:chromeOptions: {debuggerAddress: localhost:53282}, goog:processID: 8692, networkConnectionEnabled: false, pageLoadStrategy: normal, platformName: windows, proxy: Proxy(), se:cdp: ws://localhost:53282/devtoo..., se:cdpVersion: 147.0.7727.137, setWindowRect: true, strictFileInteractability: false, timeouts: {implicit: 0, pageLoad: 300000, script: 30000}, unhandledPromptBehavior: dismiss and notify, webauthn:extension:credBlob: true, webauthn:extension:largeBlob: true, webauthn:extension:minPinLength: true, webauthn:extension:prf: true, webauthn:virtualAuthenticators: true}
Element: [[ChromeDriver: chrome on windows (cc9340ebdd7f0aa1633a0c51979f039c)] -> xpath: (//a[@class='hrefch'])[1]]
Session ID: cc9340ebdd7f0aa1633a0c51979f039c
at java.base/jdk.internal.reflect.NativeConstructorAccessorImpl.newInstance0(Native Method)
at java.base/jdk.internal.reflect.NativeConstructorAccessorImpl.newInstance(NativeConstructorAccessorImpl.java:77)
at java.base/jdk.internal.reflect.DelegatingConstructorAccessorImpl.newInstance(DelegatingConstructorAccessorImpl.java:45)
at java.base/java.lang.reflect.Constructor.newInstanceWithCaller(Constructor.java:499)
at java.base/java.lang.reflect.Constructor.newInstance(Constructor.java:480)
at org.openqa.selenium.remote.ErrorCodec.decode(ErrorCodec.java:167)
at org.openqa.selenium.remote.codec.w3c.W3CHttpResponseCodec.decode(W3CHttpResponseCodec.java:142)
at org.openqa.selenium.remote.codec.w3c.W3CHttpResponseCodec.decode(W3CHttpResponseCodec.java:49)
at org.openqa.selenium.remote.HttpCommandExecutor.execute(HttpCommandExecutor.java:215)
at org.openqa.selenium.remote.service.DriverCommandExecutor.invokeExecute(DriverCommandExecutor.java:216)
at org.openqa.selenium.remote.service.DriverCommandExecutor.execute(DriverCommandExecutor.java:174)
at org.openqa.selenium.remote.RemoteWebDriver.execute(RemoteWebDriver.java:561)
at org.openqa.selenium.remote.RemoteWebElement.execute(RemoteWebElement.java:223)
at org.openqa.selenium.remote.RemoteWebElement.click(RemoteWebElement.java:76)
at base.BasePage.click(BasePage.java:23)
at pages.ProductPage.selectFirstProduct(ProductPage.java:22)
at tests.OrderTest.verifyOrderWithEmptyFields(OrderTest.java:58)
at java.base/jdk.internal.reflect.NativeMethodAccessorImpl.invoke0(Native Method)
at java.base/jdk.internal.reflect.NativeMethodAccessorImpl.invoke(NativeMethodAccessorImpl.java:77)
at java.base/jdk.internal.reflect.DelegatingMethodAccessorImpl.invoke(DelegatingMethodAccessorImpl.java:43)
at java.base/java.lang.reflect.Method.invoke(Method.java:568)
at org.testng.internal.invokers.MethodInvocationHelper.invokeMethod(MethodInvocationHelper.java:141)
at org.testng.internal.invokers.TestInvoker.invokeMethod(TestInvoker.java:686)
at org.testng.internal.invokers.TestInvoker.invokeTestMethod(TestInvoker.java:230)
at org.testng.internal.invokers.MethodRunner.runInSequence(MethodRunner.java:63)
at org.testng.internal.invokers.TestInvoker$MethodInvocationAgent.invoke(TestInvoker.java:992)
at org.testng.internal.invokers.TestInvoker.invokeTestMethods(TestInvoker.java:203)
at org.testng.internal.invokers.TestMethodWorker.invokeTestMethods(TestMethodWorker.java:154)
at org.testng.internal.invokers.TestMethodWorker.run(TestMethodWorker.java:134)
at java.base/java.util.ArrayList.forEach(ArrayList.java:1511)
at org.testng.TestRunner.privateRun(TestRunner.java:739)
at org.testng.TestRunner.run(TestRunner.java:614)
at org.testng.SuiteRunner.runTest(SuiteRunner.java:421)
at org.testng.SuiteRunner.runSequentially(SuiteRunner.java:413)
at org.testng.SuiteRunner.privateRun(SuiteRunner.java:373)
at org.testng.SuiteRunner.run(SuiteRunner.java:312)
at org.testng.SuiteRunnerWorker.runSuite(SuiteRunnerWorker.java:52)
at org.testng.SuiteRunnerWorker.run(SuiteRunnerWorker.java:95)
at org.testng.TestNG.runSuitesSequentially(TestNG.java:1274)
at org.testng.TestNG.runSuitesLocally(TestNG.java:1208)
at org.testng.TestNG.runSuites(TestNG.java:1112)
at org.testng.TestNG.run(TestNG.java:1079)
at org.testng.remote.AbstractRemoteTestNG.run(AbstractRemoteTestNG.java:115)
at org.testng.remote.RemoteTestNG.initAndRun(RemoteTestNG.java:293)
at org.testng.remote.RemoteTestNG.main(RemoteTestNG.java:91)
]]>
            </full-stacktrace>
          </exception> <!-- org.openqa.selenium.StaleElementReferenceException -->
          <reporter-output>
          </reporter-output>
        </test-method> <!-- verifyOrderWithEmptyFields -->
        <test-method is-config="true" signature="tearDown()[pri:0, instance:tests.OrderTest@13df2a8c]" started-at="2026-04-29T19:36:45 IST" name="tearDown" finished-at="2026-04-29T19:36:49 IST" duration-ms="3695" status="PASS">
          <reporter-output>
          </reporter-output>
        </test-method> <!-- tearDown -->
        <test-method is-config="true" signature="setUp()[pri:0, instance:tests.OrderTest@13df2a8c]" started-at="2026-04-29T19:36:49 IST" name="setUp" finished-at="2026-04-29T19:36:56 IST" duration-ms="7212" status="PASS">
          <reporter-output>
          </reporter-output>
        </test-method> <!-- setUp -->
        <test-method signature="verifyOrderWithEmptyFields()[pri:0, instance:tests.OrderTest@13df2a8c]" started-at="2026-04-29T19:36:56 IST" name="verifyOrderWithEmptyFields" finished-at="2026-04-29T19:37:05 IST" duration-ms="8673" status="PASS">
          <reporter-output>
          </reporter-output>
        </test-method> <!-- verifyOrderWithEmptyFields -->
        <test-method is-config="true" signature="tearDown()[pri:0, instance:tests.OrderTest@13df2a8c]" started-at="2026-04-29T19:37:05 IST" name="tearDown" finished-at="2026-04-29T19:37:07 IST" duration-ms="1774" status="PASS">
          <reporter-output>
          </reporter-output>
        </test-method> <!-- tearDown -->
        <test-method is-config="true" signature="setUp()[pri:0, instance:tests.OrderTest@13df2a8c]" started-at="2026-04-29T19:37:07 IST" name="setUp" finished-at="2026-04-29T19:37:12 IST" duration-ms="4794" status="PASS">
          <reporter-output>
          </reporter-output>
        </test-method> <!-- setUp -->
        <test-method signature="verifySuccessfulOrderPlacement()[pri:0, instance:tests.OrderTest@13df2a8c]" started-at="2026-04-29T19:37:12 IST" name="verifySuccessfulOrderPlacement" finished-at="2026-04-29T19:37:24 IST" duration-ms="12871" status="PASS">
          <reporter-output>
          </reporter-output>
        </test-method> <!-- verifySuccessfulOrderPlacement -->
        <test-method is-config="true" signature="tearDown()[pri:0, instance:tests.OrderTest@13df2a8c]" started-at="2026-04-29T19:37:24 IST" name="tearDown" finished-at="2026-04-29T19:37:27 IST" duration-ms="2846" status="PASS">
          <reporter-output>
          </reporter-output>
        </test-method> <!-- tearDown -->
      </class> <!-- tests.OrderTest -->
    </test> <!-- Order Tests -->
    <test started-at="2026-04-29T19:37:27 IST" name="Form Validation Tests" finished-at="2026-04-29T19:38:14 IST" duration-ms="46644">
      <class name="tests.FormValidationTest">
        <test-method is-config="true" signature="setUp()[pri:0, instance:tests.FormValidationTest@13d9cbf5]" started-at="2026-04-29T19:37:27 IST" name="setUp" finished-at="2026-04-29T19:37:35 IST" duration-ms="7631" status="PASS">
          <reporter-output>
          </reporter-output>
        </test-method> <!-- setUp -->
        <test-method signature="verifyLoginWithEmptyUsername()[pri:0, instance:tests.FormValidationTest@13d9cbf5]" started-at="2026-04-29T19:37:35 IST" name="verifyLoginWithEmptyUsername" finished-at="2026-04-29T19:37:41 IST" duration-ms="6087" status="PASS">
          <reporter-output>
          </reporter-output>
        </test-method> <!-- verifyLoginWithEmptyUsername -->
        <test-method is-config="true" signature="tearDown()[pri:0, instance:tests.FormValidationTest@13d9cbf5]" started-at="2026-04-29T19:37:41 IST" name="tearDown" finished-at="2026-04-29T19:37:46 IST" duration-ms="4545" status="PASS">
          <reporter-output>
          </reporter-output>
        </test-method> <!-- tearDown -->
        <test-method is-config="true" signature="setUp()[pri:0, instance:tests.FormValidationTest@13d9cbf5]" started-at="2026-04-29T19:37:46 IST" name="setUp" finished-at="2026-04-29T19:37:51 IST" duration-ms="5699" status="PASS">
          <reporter-output>
          </reporter-output>
        </test-method> <!-- setUp -->
        <test-method signature="verifySignupFieldsRetainValues()[pri:0, instance:tests.FormValidationTest@13d9cbf5]" started-at="2026-04-29T19:37:51 IST" name="verifySignupFieldsRetainValues" finished-at="2026-04-29T19:37:55 IST" duration-ms="3295" status="PASS">
          <reporter-output>
          </reporter-output>
        </test-method> <!-- verifySignupFieldsRetainValues -->
        <test-method is-config="true" signature="tearDown()[pri:0, instance:tests.FormValidationTest@13d9cbf5]" started-at="2026-04-29T19:37:55 IST" name="tearDown" finished-at="2026-04-29T19:37:57 IST" duration-ms="2779" status="PASS">
          <reporter-output>
          </reporter-output>
        </test-method> <!-- tearDown -->
        <test-method is-config="true" signature="setUp()[pri:0, instance:tests.FormValidationTest@13d9cbf5]" started-at="2026-04-29T19:37:57 IST" name="setUp" finished-at="2026-04-29T19:38:04 IST" duration-ms="6605" status="PASS">
          <reporter-output>
          </reporter-output>
        </test-method> <!-- setUp -->
        <test-method signature="verifySignupWithExistingUser()[pri:0, instance:tests.FormValidationTest@13d9cbf5]" started-at="2026-04-29T19:38:04 IST" name="verifySignupWithExistingUser" finished-at="2026-04-29T19:38:09 IST" duration-ms="5402" status="PASS">
          <reporter-output>
          </reporter-output>
        </test-method> <!-- verifySignupWithExistingUser -->
        <test-method is-config="true" signature="tearDown()[pri:0, instance:tests.FormValidationTest@13d9cbf5]" started-at="2026-04-29T19:38:09 IST" name="tearDown" finished-at="2026-04-29T19:38:14 IST" duration-ms="4585" status="PASS">
          <reporter-output>
          </reporter-output>
        </test-method> <!-- tearDown -->
      </class> <!-- tests.FormValidationTest -->
    </test> <!-- Form Validation Tests -->
  </suite> <!-- DemoBlaze Suite -->
</testng-results>
