<?xml version="1.0" encoding="UTF-8"?>
<!-- Generated by org.testng.reporters.JUnitXMLReporter -->
<testsuite ignored="0" hostname="DESKTOP-HSAPT3H" failures="0" tests="3" name="Form Validation Tests" time="46.644" errors="0" timestamp="2026-04-29T19:38:14 IST">
  <testcase classname="tests.FormValidationTest" name="verifyLoginWithEmptyUsername" time="6.087"/>
  <testcase classname="tests.FormValidationTest" name="verifySignupFieldsRetainValues" time="3.295"/>
  <testcase classname="tests.FormValidationTest" name="verifySignupWithExistingUser" time="5.402"/>
</testsuite> <!-- Form Validation Tests -->
