<?xml version="1.0" encoding="UTF-8"?>
<!-- Generated by org.testng.reporters.JUnitXMLReporter -->
<testsuite ignored="0" hostname="DESKTOP-HSAPT3H" failures="0" tests="3" name="Order Tests" time="54.616" errors="0" timestamp="2026-04-29T19:37:27 IST">
  <testcase classname="tests.OrderTest" name="verifyOrderWithEmptyFields" time="3.296">
    <skipped/>
  </testcase> <!-- verifyOrderWithEmptyFields -->
  <testcase classname="tests.OrderTest" name="verifyOrderWithEmptyFields" time="8.673"/>
  <testcase classname="tests.OrderTest" name="verifySuccessfulOrderPlacement" time="12.871"/>
</testsuite> <!-- Order Tests -->
